Arguments: 
  /usr/local/bin/node /Users/mwilcox/.yarn/bin/yarn.js

PATH: 
  /Users/mwilcox/.yarn/bin:/Users/mwilcox/.config/yarn/global/node_modules/.bin:/Users/mwilcox/.npm-global/bin:/opt/homebrew/bin:/opt/homebrew/sbin:/usr/local/bin:/usr/bin:/bin:/usr/sbin:/sbin:/Library/Apple/usr/bin

Yarn version: 
  1.22.19

Node version: 
  16.14.1

Platform: 
  darwin arm64

Trace: 
  SyntaxError: /Users/mwilcox/Sites/clubajax/base-component/package.json: Unexpected token } in JSON at position 310
      at JSON.parse (<anonymous>)
      at /Users/mwilcox/.yarn/lib/cli.js:1629:59
      at Generator.next (<anonymous>)
      at step (/Users/mwilcox/.yarn/lib/cli.js:310:30)
      at /Users/mwilcox/.yarn/lib/cli.js:321:13

npm manifest: 
  {
    "name": "@clubajax/base-component",
    "version": "2.4.8",
    "description": "A base for more powerful web components",
    "main": "index.js",
    "scripts": {
      "start": "echo [[[webpack dev not set up]]]",
      "build": "webpack --mode production --config ./webpack.config.js && node ./scripts/deploy.js",
    },
    "repository": {
      "type": "git",
      "url": "git+https://github.com/clubajax/base-component.git"
    },
    "keywords": [
      "JavaScript",
      "UI"
    ],
    "author": "anm9tr@gmail.com",
    "license": "MIT",
    "bugs": {
      "url": "https://github.com/clubajax/base-component/issues"
    },
    "homepage": "https://github.com/clubajax/base-component#readme",
    "devDependencies": {
      "@babel/core": "^7.13.0",
      "@babel/preset-env": "^7.13.12",
      "@clubajax/custom-elements-polyfill": "^0.9.2",
      "@clubajax/dom": "^2.8.6",
      "@clubajax/node-file-managment": "^0.1.3",
      "Randomizer": "github:clubajax/randomizer",
      "chai": "^4.3.4",
      "mocha": "^8.3.2",
      "babel-loader": "^8.2.5",
      "minimist": "^1.2.6",
      "webpack": "^5.74.0",
      "webpack-cli": "^4.10.0",
      "webpack-dev-server": "^4.10.0"
    },
    "dependencies": {
      "@clubajax/on": "^2.2.x"
    },
    "directories": {
      "test": "tests"
    }
  }

yarn manifest: 
  No manifest

Lockfile: 
  No lockfile
